<?xml version="1.0" encoding="UTF-8"?>
<testsuite xmlns:xsi="http://www.w3.org/2001/XMLSchema-instance" xsi:noNamespaceSchemaLocation="https://maven.apache.org/surefire/maven-surefire-plugin/xsd/surefire-test-report.xsd" version="3.0.2" name="br.com.fiap.GreetingResourceTest" time="0.947" tests="1" errors="1" skipped="0" failures="0">
  <properties>
    <property name="java.specification.version" value="17"/>
    <property name="sun.cpu.isalist" value="amd64"/>
    <property name="sun.jnu.encoding" value="Cp1252"/>
    <property name="io.quarkus.security.http.test-if-basic-auth-implicitly-required" value="true"/>
    <property name="java.class.path" value="C:\Users\labsfiap\Downloads\challenge-cp-03\challenge-cp-03\target\test-classes;C:\Users\labsfiap\Downloads\challenge-cp-03\challenge-cp-03\target\classes;C:\Users\labsfiap\.m2\repository\io\quarkus\quarkus-resteasy\3.29.0\quarkus-resteasy-3.29.0.jar;C:\Users\labsfiap\.m2\repository\io\quarkus\quarkus-vertx-http\3.29.0\quarkus-vertx-http-3.29.0.jar;C:\Users\labsfiap\.m2\repository\io\quarkus\quarkus-security-runtime-spi\3.29.0\quarkus-security-runtime-spi-3.29.0.jar;C:\Users\labsfiap\.m2\repository\io\quarkus\quarkus-tls-registry\3.29.0\quarkus-tls-registry-3.29.0.jar;C:\Users\labsfiap\.m2\repository\io\quarkus\quarkus-tls-registry-spi\3.29.0\quarkus-tls-registry-spi-3.29.0.jar;C:\Users\labsfiap\.m2\repository\io\smallrye\certs\smallrye-private-key-pem-parser\0.9.2\smallrye-private-key-pem-parser-0.9.2.jar;C:\Users\labsfiap\.m2\repository\io\quarkus\quarkus-credentials\3.29.0\quarkus-credentials-3.29.0.jar;C:\Users\labsfiap\.m2\repository\io\quarkus\quarkus-mutiny\3.29.0\quarkus-mutiny-3.29.0.jar;C:\Users\labsfiap\.m2\repository\io\quarkus\quarkus-smallrye-context-propagation\3.29.0\quarkus-smallrye-context-propagation-3.29.0.jar;C:\Users\labsfiap\.m2\repository\io\smallrye\smallrye-context-propagation\2.2.1\smallrye-context-propagation-2.2.1.jar;C:\Users\labsfiap\.m2\repository\io\smallrye\smallrye-context-propagation-api\2.2.1\smallrye-context-propagation-api-2.2.1.jar;C:\Users\labsfiap\.m2\repository\io\smallrye\smallrye-context-propagation-storage\2.2.1\smallrye-context-propagation-storage-2.2.1.jar;C:\Users\labsfiap\.m2\repository\io\smallrye\reactive\mutiny-smallrye-context-propagation\3.0.0\mutiny-smallrye-context-propagation-3.0.0.jar;C:\Users\labsfiap\.m2\repository\io\smallrye\common\smallrye-common-vertx-context\2.13.9\smallrye-common-vertx-context-2.13.9.jar;C:\Users\labsfiap\.m2\repository\io\vertx\vertx-core\4.5.21\vertx-core-4.5.21.jar;C:\Users\labsfiap\.m2\repository\io\netty\netty-common\4.1.127.Final\netty-common-4.1.127.Final.jar;C:\Users\labsfiap\.m2\repository\io\netty\netty-buffer\4.1.127.Final\netty-buffer-4.1.127.Final.jar;C:\Users\labsfiap\.m2\repository\io\netty\netty-transport\4.1.127.Final\netty-transport-4.1.127.Final.jar;C:\Users\labsfiap\.m2\repository\io\netty\netty-handler\4.1.127.Final\netty-handler-4.1.127.Final.jar;C:\Users\labsfiap\.m2\repository\io\netty\netty-transport-native-unix-common\4.1.127.Final\netty-transport-native-unix-common-4.1.127.Final.jar;C:\Users\labsfiap\.m2\repository\io\netty\netty-handler-proxy\4.1.127.Final\netty-handler-proxy-4.1.127.Final.jar;C:\Users\labsfiap\.m2\repository\io\netty\netty-codec-socks\4.1.127.Final\netty-codec-socks-4.1.127.Final.jar;C:\Users\labsfiap\.m2\repository\io\netty\netty-codec-http\4.1.127.Final\netty-codec-http-4.1.127.Final.jar;C:\Users\labsfiap\.m2\repository\io\netty\netty-codec-http2\4.1.127.Final\netty-codec-http2-4.1.127.Final.jar;C:\Users\labsfiap\.m2\repository\io\netty\netty-resolver\4.1.127.Final\netty-resolver-4.1.127.Final.jar;C:\Users\labsfiap\.m2\repository\io\netty\netty-resolver-dns\4.1.127.Final\netty-resolver-dns-4.1.127.Final.jar;C:\Users\labsfiap\.m2\repository\io\netty\netty-codec-dns\4.1.127.Final\netty-codec-dns-4.1.127.Final.jar;C:\Users\labsfiap\.m2\repository\io\smallrye\common\smallrye-common-constraint\2.13.9\smallrye-common-constraint-2.13.9.jar;C:\Users\labsfiap\.m2\repository\io\quarkus\security\quarkus-security\2.2.1\quarkus-security-2.2.1.jar;C:\Users\labsfiap\.m2\repository\io\quarkus\quarkus-vertx\3.29.0\quarkus-vertx-3.29.0.jar;C:\Users\labsfiap\.m2\repository\io\quarkus\quarkus-netty\3.29.0\quarkus-netty-3.29.0.jar;C:\Users\labsfiap\.m2\repository\io\netty\netty-codec\4.1.127.Final\netty-codec-4.1.127.Final.jar;C:\Users\labsfiap\.m2\repository\io\netty\netty-codec-haproxy\4.1.127.Final\netty-codec-haproxy-4.1.127.Final.jar;C:\Users\labsfiap\.m2\repository\io\smallrye\common\smallrye-common-annotation\2.13.9\smallrye-common-annotation-2.13.9.jar;C:\Users\labsfiap\.m2\repository\io\quarkus\quarkus-virtual-threads\3.29.0\quarkus-virtual-threads-3.29.0.jar;C:\Users\labsfiap\.m2\repository\io\quarkus\quarkus-vertx-latebound-mdc-provider\3.29.0\quarkus-vertx-latebound-mdc-provider-3.29.0.jar;C:\Users\labsfiap\.m2\repository\io\smallrye\reactive\smallrye-mutiny-vertx-core\3.20.0\smallrye-mutiny-vertx-core-3.20.0.jar;C:\Users\labsfiap\.m2\repository\io\smallrye\reactive\smallrye-mutiny-vertx-runtime\3.20.0\smallrye-mutiny-vertx-runtime-3.20.0.jar;C:\Users\labsfiap\.m2\repository\io\smallrye\reactive\vertx-mutiny-generator\3.20.0\vertx-mutiny-generator-3.20.0.jar;C:\Users\labsfiap\.m2\repository\io\vertx\vertx-codegen\4.5.21\vertx-codegen-4.5.21.jar;C:\Users\labsfiap\.m2\repository\io\smallrye\smallrye-fault-tolerance-vertx\6.9.3\smallrye-fault-tolerance-vertx-6.9.3.jar;C:\Users\labsfiap\.m2\repository\io\smallrye\reactive\smallrye-mutiny-vertx-web\3.20.0\smallrye-mutiny-vertx-web-3.20.0.jar;C:\Users\labsfiap\.m2\repository\io\smallrye\reactive\smallrye-mutiny-vertx-web-common\3.20.0\smallrye-mutiny-vertx-web-common-3.20.0.jar;C:\Users\labsfiap\.m2\repository\io\smallrye\reactive\smallrye-mutiny-vertx-auth-common\3.20.0\smallrye-mutiny-vertx-auth-common-3.20.0.jar;C:\Users\labsfiap\.m2\repository\io\smallrye\reactive\smallrye-mutiny-vertx-bridge-common\3.20.0\smallrye-mutiny-vertx-bridge-common-3.20.0.jar;C:\Users\labsfiap\.m2\repository\io\smallrye\reactive\smallrye-mutiny-vertx-uri-template\3.20.0\smallrye-mutiny-vertx-uri-template-3.20.0.jar;C:\Users\labsfiap\.m2\repository\io\vertx\vertx-uri-template\4.5.21\vertx-uri-template-4.5.21.jar;C:\Users\labsfiap\.m2\repository\io\vertx\vertx-web\4.5.21\vertx-web-4.5.21.jar;C:\Users\labsfiap\.m2\repository\io\vertx\vertx-web-common\4.5.21\vertx-web-common-4.5.21.jar;C:\Users\labsfiap\.m2\repository\io\vertx\vertx-auth-common\4.5.21\vertx-auth-common-4.5.21.jar;C:\Users\labsfiap\.m2\repository\io\vertx\vertx-bridge-common\4.5.21\vertx-bridge-common-4.5.21.jar;C:\Users\labsfiap\.m2\repository\org\crac\crac\1.5.0\crac-1.5.0.jar;C:\Users\labsfiap\.m2\repository\com\aayushatharva\brotli4j\brotli4j\1.16.0\brotli4j-1.16.0.jar;C:\Users\labsfiap\.m2\repository\com\aayushatharva\brotli4j\service\1.16.0\service-1.16.0.jar;C:\Users\labsfiap\.m2\repository\com\aayushatharva\brotli4j\native-windows-x86_64\1.16.0\native-windows-x86_64-1.16.0.jar;C:\Users\labsfiap\.m2\repository\io\quarkus\vertx\utils\quarkus-vertx-utils\3.29.0\quarkus-vertx-utils-3.29.0.jar;C:\Users\labsfiap\.m2\repository\org\jboss\logging\jboss-logging\3.6.1.Final\jboss-logging-3.6.1.Final.jar;C:\Users\labsfiap\.m2\repository\io\quarkus\quarkus-resteasy-server-common\3.29.0\quarkus-resteasy-server-common-3.29.0.jar;C:\Users\labsfiap\.m2\repository\io\quarkus\quarkus-resteasy-common\3.29.0\quarkus-resteasy-common-3.29.0.jar;C:\Users\labsfiap\.m2\repository\org\eclipse\angus\angus-activation\2.0.3\angus-activation-2.0.3.jar;C:\Users\labsfiap\.m2\repository\org\jboss\resteasy\microprofile\microprofile-config\3.0.1.Final\microprofile-config-3.0.1.Final.jar;C:\Users\labsfiap\.m2\repository\jakarta\servlet\jakarta.servlet-api\6.0.0\jakarta.servlet-api-6.0.0.jar;C:\Users\labsfiap\.m2\repository\org\eclipse\microprofile\config\microprofile-config-api\3.1\microprofile-config-api-3.1.jar;C:\Users\labsfiap\.m2\repository\org\jboss\resteasy\resteasy-cdi\6.2.12.Final\resteasy-cdi-6.2.12.Final.jar;C:\Users\labsfiap\.m2\repository\jakarta\interceptor\jakarta.interceptor-api\2.2.0\jakarta.interceptor-api-2.2.0.jar;C:\Users\labsfiap\.m2\repository\jakarta\validation\jakarta.validation-api\3.1.1\jakarta.validation-api-3.1.1.jar;C:\Users\labsfiap\.m2\repository\io\quarkus\quarkus-jdbc-oracle\3.29.0\quarkus-jdbc-oracle-3.29.0.jar;C:\Users\labsfiap\.m2\repository\io\quarkus\quarkus-agroal\3.29.0\quarkus-agroal-3.29.0.jar;C:\Users\labsfiap\.m2\repository\io\quarkus\quarkus-datasource\3.29.0\quarkus-datasource-3.29.0.jar;C:\Users\labsfiap\.m2\repository\io\quarkus\quarkus-datasource-common\3.29.0\quarkus-datasource-common-3.29.0.jar;C:\Users\labsfiap\.m2\repository\io\quarkus\quarkus-narayana-jta\3.29.0\quarkus-narayana-jta-3.29.0.jar;C:\Users\labsfiap\.m2\repository\io\quarkus\quarkus-transaction-annotations\3.29.0\quarkus-transaction-annotations-3.29.0.jar;C:\Users\labsfiap\.m2\repository\io\smallrye\smallrye-context-propagation-jta\2.2.1\smallrye-context-propagation-jta-2.2.1.jar;C:\Users\labsfiap\.m2\repository\io\smallrye\reactive\smallrye-reactive-converter-api\3.0.3\smallrye-reactive-converter-api-3.0.3.jar;C:\Users\labsfiap\.m2\repository\io\smallrye\reactive\smallrye-reactive-converter-mutiny\3.0.3\smallrye-reactive-converter-mutiny-3.0.3.jar;C:\Users\labsfiap\.m2\repository\io\smallrye\reactive\mutiny-zero-flow-adapters\1.1.1\mutiny-zero-flow-adapters-1.1.1.jar;C:\Users\labsfiap\.m2\repository\org\jboss\narayana\jta\narayana-jta\7.3.0.Final\narayana-jta-7.3.0.Final.jar;C:\Users\labsfiap\.m2\repository\jakarta\resource\jakarta.resource-api\2.1.0\jakarta.resource-api-2.1.0.jar;C:\Users\labsfiap\.m2\repository\org\jboss\invocation\jboss-invocation\2.0.0.Final\jboss-invocation-2.0.0.Final.jar;C:\Users\labsfiap\.m2\repository\org\eclipse\microprofile\reactive-streams-operators\microprofile-reactive-streams-operators-api\3.0.1\microprofile-reactive-streams-operators-api-3.0.1.jar;C:\Users\labsfiap\.m2\repository\org\jboss\narayana\jts\narayana-jts-integration\7.3.0.Final\narayana-jts-integration-7.3.0.Final.jar;C:\Users\labsfiap\.m2\repository\io\agroal\agroal-api\2.8\agroal-api-2.8.jar;C:\Users\labsfiap\.m2\repository\io\agroal\agroal-narayana\2.8\agroal-narayana-2.8.jar;C:\Users\labsfiap\.m2\repository\org\jboss\jboss-transaction-spi\8.0.0.Final\jboss-transaction-spi-8.0.0.Final.jar;C:\Users\labsfiap\.m2\repository\io\agroal\agroal-pool\2.8\agroal-pool-2.8.jar;C:\Users\labsfiap\.m2\repository\com\oracle\database\nls\orai18n\23.6.0.24.10\orai18n-23.6.0.24.10.jar;C:\Users\labsfiap\.m2\repository\io\quarkus\quarkus-hibernate-validator\3.29.0\quarkus-hibernate-validator-3.29.0.jar;C:\Users\labsfiap\.m2\repository\io\quarkus\quarkus-core\3.29.0\quarkus-core-3.29.0.jar;C:\Users\labsfiap\.m2\repository\jakarta\annotation\jakarta.annotation-api\3.0.0\jakarta.annotation-api-3.0.0.jar;C:\Users\labsfiap\.m2\repository\jakarta\enterprise\jakarta.enterprise.cdi-api\4.1.0\jakarta.enterprise.cdi-api-4.1.0.jar;C:\Users\labsfiap\.m2\repository\jakarta\enterprise\jakarta.enterprise.lang-model\4.1.0\jakarta.enterprise.lang-model-4.1.0.jar;C:\Users\labsfiap\.m2\repository\jakarta\inject\jakarta.inject-api\2.0.1\jakarta.inject-api-2.0.1.jar;C:\Users\labsfiap\.m2\repository\io\smallrye\common\smallrye-common-os\2.13.9\smallrye-common-os-2.13.9.jar;C:\Users\labsfiap\.m2\repository\io\quarkus\quarkus-ide-launcher\3.29.0\quarkus-ide-launcher-3.29.0.jar;C:\Users\labsfiap\.m2\repository\io\quarkus\quarkus-development-mode-spi\3.29.0\quarkus-development-mode-spi-3.29.0.jar;C:\Users\labsfiap\.m2\repository\io\smallrye\config\smallrye-config\3.14.1\smallrye-config-3.14.1.jar;C:\Users\labsfiap\.m2\repository\io\smallrye\config\smallrye-config-core\3.14.1\smallrye-config-core-3.14.1.jar;C:\Users\labsfiap\.m2\repository\io\smallrye\common\smallrye-common-classloader\2.13.9\smallrye-common-classloader-2.13.9.jar;C:\Users\labsfiap\.m2\repository\io\smallrye\config\smallrye-config-common\3.14.1\smallrye-config-common-3.14.1.jar;C:\Users\labsfiap\.m2\repository\org\jboss\logmanager\jboss-logmanager\3.1.2.Final\jboss-logmanager-3.1.2.Final.jar;C:\Users\labsfiap\.m2\repository\io\smallrye\common\smallrye-common-cpu\2.13.9\smallrye-common-cpu-2.13.9.jar;C:\Users\labsfiap\.m2\repository\io\smallrye\common\smallrye-common-expression\2.13.9\smallrye-common-expression-2.13.9.jar;C:\Users\labsfiap\.m2\repository\io\smallrye\common\smallrye-common-net\2.13.9\smallrye-common-net-2.13.9.jar;C:\Users\labsfiap\.m2\repository\io\smallrye\common\smallrye-common-ref\2.13.9\smallrye-common-ref-2.13.9.jar;C:\Users\labsfiap\.m2\repository\jakarta\json\jakarta.json-api\2.1.3\jakarta.json-api-2.1.3.jar;C:\Users\labsfiap\.m2\repository\org\eclipse\parsson\parsson\1.1.7\parsson-1.1.7.jar;C:\Users\labsfiap\.m2\repository\org\jboss\threads\jboss-threads\3.9.1\jboss-threads-3.9.1.jar;C:\Users\labsfiap\.m2\repository\io\smallrye\common\smallrye-common-function\2.13.9\smallrye-common-function-2.13.9.jar;C:\Users\labsfiap\.m2\repository\org\slf4j\slf4j-api\2.0.17\slf4j-api-2.0.17.jar;C:\Users\labsfiap\.m2\repository\org\jboss\slf4j\slf4j-jboss-logmanager\2.0.0.Final\slf4j-jboss-logmanager-2.0.0.Final.jar;C:\Users\labsfiap\.m2\repository\org\wildfly\common\wildfly-common\2.0.1\wildfly-common-2.0.1.jar;C:\Users\labsfiap\.m2\repository\io\quarkus\quarkus-bootstrap-runner\3.29.0\quarkus-bootstrap-runner-3.29.0.jar;C:\Users\labsfiap\.m2\repository\io\quarkus\quarkus-fs-util\1.2.0\quarkus-fs-util-1.2.0.jar;C:\Users\labsfiap\.m2\repository\org\hibernate\validator\hibernate-validator\9.0.1.Final\hibernate-validator-9.0.1.Final.jar;C:\Users\labsfiap\.m2\repository\com\fasterxml\classmate\1.7.1\classmate-1.7.1.jar;C:\Users\labsfiap\.m2\repository\org\glassfish\expressly\expressly\6.0.0\expressly-6.0.0.jar;C:\Users\labsfiap\.m2\repository\jakarta\el\jakarta.el-api\6.0.1\jakarta.el-api-6.0.1.jar;C:\Users\labsfiap\.m2\repository\io\smallrye\config\smallrye-config-validator\3.14.1\smallrye-config-validator-3.14.1.jar;C:\Users\labsfiap\.m2\repository\jakarta\ws\rs\jakarta.ws.rs-api\3.1.0\jakarta.ws.rs-api-3.1.0.jar;C:\Users\labsfiap\.m2\repository\io\quarkus\quarkus-resteasy-jackson\3.29.0\quarkus-resteasy-jackson-3.29.0.jar;C:\Users\labsfiap\.m2\repository\io\quarkus\quarkus-jackson\3.29.0\quarkus-jackson-3.29.0.jar;C:\Users\labsfiap\.m2\repository\com\fasterxml\jackson\core\jackson-databind\2.20.0\jackson-databind-2.20.0.jar;C:\Users\labsfiap\.m2\repository\com\fasterxml\jackson\datatype\jackson-datatype-jsr310\2.20.0\jackson-datatype-jsr310-2.20.0.jar;C:\Users\labsfiap\.m2\repository\com\fasterxml\jackson\datatype\jackson-datatype-jdk8\2.20.0\jackson-datatype-jdk8-2.20.0.jar;C:\Users\labsfiap\.m2\repository\com\fasterxml\jackson\module\jackson-module-parameter-names\2.20.0\jackson-module-parameter-names-2.20.0.jar;C:\Users\labsfiap\.m2\repository\org\jboss\resteasy\resteasy-jackson2-provider\6.2.12.Final\resteasy-jackson2-provider-6.2.12.Final.jar;C:\Users\labsfiap\.m2\repository\org\jboss\resteasy\resteasy-core-spi\6.2.12.Final\resteasy-core-spi-6.2.12.Final.jar;C:\Users\labsfiap\.m2\repository\org\reactivestreams\reactive-streams\1.0.4\reactive-streams-1.0.4.jar;C:\Users\labsfiap\.m2\repository\org\jboss\resteasy\resteasy-core\6.2.12.Final\resteasy-core-6.2.12.Final.jar;C:\Users\labsfiap\.m2\repository\com\ibm\async\asyncutil\0.1.0\asyncutil-0.1.0.jar;C:\Users\labsfiap\.m2\repository\com\fasterxml\jackson\core\jackson-core\2.20.0\jackson-core-2.20.0.jar;C:\Users\labsfiap\.m2\repository\com\fasterxml\jackson\core\jackson-annotations\2.20\jackson-annotations-2.20.jar;C:\Users\labsfiap\.m2\repository\com\fasterxml\jackson\jakarta\rs\jackson-jakarta-rs-base\2.20.0\jackson-jakarta-rs-base-2.20.0.jar;C:\Users\labsfiap\.m2\repository\com\fasterxml\jackson\jakarta\rs\jackson-jakarta-rs-json-provider\2.20.0\jackson-jakarta-rs-json-provider-2.20.0.jar;C:\Users\labsfiap\.m2\repository\com\fasterxml\jackson\module\jackson-module-jakarta-xmlbind-annotations\2.20.0\jackson-module-jakarta-xmlbind-annotations-2.20.0.jar;C:\Users\labsfiap\.m2\repository\com\github\java-json-tools\json-patch\1.13\json-patch-1.13.jar;C:\Users\labsfiap\.m2\repository\com\github\java-json-tools\msg-simple\1.2\msg-simple-1.2.jar;C:\Users\labsfiap\.m2\repository\com\github\java-json-tools\btf\1.3\btf-1.3.jar;C:\Users\labsfiap\.m2\repository\com\github\java-json-tools\jackson-coreutils\2.0\jackson-coreutils-2.0.jar;C:\Users\labsfiap\.m2\repository\jakarta\xml\bind\jakarta.xml.bind-api\4.0.4\jakarta.xml.bind-api-4.0.4.jar;C:\Users\labsfiap\.m2\repository\jakarta\activation\jakarta.activation-api\2.1.4\jakarta.activation-api-2.1.4.jar;C:\Users\labsfiap\.m2\repository\com\oracle\database\jdbc\ojdbc17\23.9.0.25.07\ojdbc17-23.9.0.25.07.jar;C:\Users\labsfiap\.m2\repository\io\quarkus\quarkus-arc\3.29.0\quarkus-arc-3.29.0.jar;C:\Users\labsfiap\.m2\repository\io\quarkus\arc\arc\3.29.0\arc-3.29.0.jar;C:\Users\labsfiap\.m2\repository\jakarta\transaction\jakarta.transaction-api\2.0.1\jakarta.transaction-api-2.0.1.jar;C:\Users\labsfiap\.m2\repository\io\smallrye\reactive\mutiny\3.0.0\mutiny-3.0.0.jar;C:\Users\labsfiap\.m2\repository\org\jctools\jctools-core\4.0.5\jctools-core-4.0.5.jar;C:\Users\labsfiap\.m2\repository\org\eclipse\microprofile\context-propagation\microprofile-context-propagation-api\1.3\microprofile-context-propagation-api-1.3.jar;C:\Users\labsfiap\.m2\repository\io\quarkus\quarkus-junit5\3.29.0\quarkus-junit5-3.29.0.jar;C:\Users\labsfiap\.m2\repository\io\quarkus\quarkus-bootstrap-core\3.29.0\quarkus-bootstrap-core-3.29.0.jar;C:\Users\labsfiap\.m2\repository\io\quarkus\quarkus-classloader-commons\3.29.0\quarkus-classloader-commons-3.29.0.jar;C:\Users\labsfiap\.m2\repository\io\quarkus\quarkus-bootstrap-app-model\3.29.0\quarkus-bootstrap-app-model-3.29.0.jar;C:\Users\labsfiap\.m2\repository\io\smallrye\common\smallrye-common-io\2.13.9\smallrye-common-io-2.13.9.jar;C:\Users\labsfiap\.m2\repository\org\eclipse\sisu\org.eclipse.sisu.inject\0.9.0.M4\org.eclipse.sisu.inject-0.9.0.M4.jar;C:\Users\labsfiap\.m2\repository\org\ow2\asm\asm\9.9\asm-9.9.jar;C:\Users\labsfiap\.m2\repository\io\quarkus\quarkus-test-common\3.29.0\quarkus-test-common-3.29.0.jar;C:\Users\labsfiap\.m2\repository\io\quarkus\quarkus-core-deployment\3.29.0\quarkus-core-deployment-3.29.0.jar;C:\Users\labsfiap\.m2\repository\org\aesh\readline\2.6\readline-2.6.jar;C:\Users\labsfiap\.m2\repository\org\fusesource\jansi\jansi\2.4.0\jansi-2.4.0.jar;C:\Users\labsfiap\.m2\repository\org\aesh\aesh\2.8.2\aesh-2.8.2.jar;C:\Users\labsfiap\.m2\repository\org\apache\commons\commons-compress\1.28.0\commons-compress-1.28.0.jar;C:\Users\labsfiap\.m2\repository\io\quarkus\gizmo\gizmo\1.9.0\gizmo-1.9.0.jar;C:\Users\labsfiap\.m2\repository\org\ow2\asm\asm-util\9.9\asm-util-9.9.jar;C:\Users\labsfiap\.m2\repository\org\ow2\asm\asm-analysis\9.9\asm-analysis-9.9.jar;C:\Users\labsfiap\.m2\repository\io\quarkus\gizmo\gizmo2\2.0.0.Beta6\gizmo2-2.0.0.Beta6.jar;C:\Users\labsfiap\.m2\repository\io\github\dmlloyd\jdk-classfile-backport\24.0\jdk-classfile-backport-24.0.jar;C:\Users\labsfiap\.m2\repository\io\smallrye\common\smallrye-common-resource\2.13.9\smallrye-common-resource-2.13.9.jar;C:\Users\labsfiap\.m2\repository\io\smallrye\jandex-gizmo2\3.5.0\jandex-gizmo2-3.5.0.jar;C:\Users\labsfiap\.m2\repository\io\smallrye\common\smallrye-common-process\2.13.9\smallrye-common-process-2.13.9.jar;C:\Users\labsfiap\.m2\repository\org\ow2\asm\asm-commons\9.9\asm-commons-9.9.jar;C:\Users\labsfiap\.m2\repository\org\ow2\asm\asm-tree\9.9\asm-tree-9.9.jar;C:\Users\labsfiap\.m2\repository\io\quarkus\quarkus-hibernate-validator-spi\3.29.0\quarkus-hibernate-validator-spi-3.29.0.jar;C:\Users\labsfiap\.m2\repository\io\quarkus\quarkus-class-change-agent\3.29.0\quarkus-class-change-agent-3.29.0.jar;C:\Users\labsfiap\.m2\repository\io\quarkus\quarkus-builder\3.29.0\quarkus-builder-3.29.0.jar;C:\Users\labsfiap\.m2\repository\org\graalvm\sdk\nativeimage\23.1.2\nativeimage-23.1.2.jar;C:\Users\labsfiap\.m2\repository\org\graalvm\sdk\word\23.1.2\word-23.1.2.jar;C:\Users\labsfiap\.m2\repository\org\junit\platform\junit-platform-launcher\1.13.4\junit-platform-launcher-1.13.4.jar;C:\Users\labsfiap\.m2\repository\io\quarkus\quarkus-bootstrap-maven-resolver\3.29.0\quarkus-bootstrap-maven-resolver-3.29.0.jar;C:\Users\labsfiap\.m2\repository\io\smallrye\beanbag\smallrye-beanbag-maven\1.5.3\smallrye-beanbag-maven-1.5.3.jar;C:\Users\labsfiap\.m2\repository\io\smallrye\beanbag\smallrye-beanbag-sisu\1.5.3\smallrye-beanbag-sisu-1.5.3.jar;C:\Users\labsfiap\.m2\repository\io\smallrye\beanbag\smallrye-beanbag\1.5.3\smallrye-beanbag-1.5.3.jar;C:\Users\labsfiap\.m2\repository\javax\inject\javax.inject\1\javax.inject-1.jar;C:\Users\labsfiap\.m2\repository\org\apache\maven\maven-artifact\3.9.11\maven-artifact-3.9.11.jar;C:\Users\labsfiap\.m2\repository\org\apache\maven\maven-builder-support\3.9.11\maven-builder-support-3.9.11.jar;C:\Users\labsfiap\.m2\repository\org\apache\maven\maven-model\3.9.11\maven-model-3.9.11.jar;C:\Users\labsfiap\.m2\repository\org\apache\maven\maven-model-builder\3.9.11\maven-model-builder-3.9.11.jar;C:\Users\labsfiap\.m2\repository\org\apache\maven\maven-repository-metadata\3.9.11\maven-repository-metadata-3.9.11.jar;C:\Users\labsfiap\.m2\repository\org\apache\maven\maven-settings\3.9.11\maven-settings-3.9.11.jar;C:\Users\labsfiap\.m2\repository\org\apache\maven\resolver\maven-resolver-api\1.9.24\maven-resolver-api-1.9.24.jar;C:\Users\labsfiap\.m2\repository\org\apache\maven\resolver\maven-resolver-impl\1.9.24\maven-resolver-impl-1.9.24.jar;C:\Users\labsfiap\.m2\repository\org\apache\maven\resolver\maven-resolver-named-locks\1.9.24\maven-resolver-named-locks-1.9.24.jar;C:\Users\labsfiap\.m2\repository\org\apache\maven\resolver\maven-resolver-spi\1.9.24\maven-resolver-spi-1.9.24.jar;C:\Users\labsfiap\.m2\repository\org\apache\maven\resolver\maven-resolver-util\1.9.24\maven-resolver-util-1.9.24.jar;C:\Users\labsfiap\.m2\repository\org\apache\maven\resolver\maven-resolver-transport-http\1.9.23\maven-resolver-transport-http-1.9.23.jar;C:\Users\labsfiap\.m2\repository\org\apache\maven\wagon\wagon-provider-api\3.5.3\wagon-provider-api-3.5.3.jar;C:\Users\labsfiap\.m2\repository\org\apache\maven\wagon\wagon-http-shared\3.5.3\wagon-http-shared-3.5.3.jar;C:\Users\labsfiap\.m2\repository\org\codehaus\plexus\plexus-interpolation\1.26\plexus-interpolation-1.26.jar;C:\Users\labsfiap\.m2\repository\org\codehaus\plexus\plexus-utils\3.5.1\plexus-utils-3.5.1.jar;C:\Users\labsfiap\.m2\repository\org\codehaus\plexus\plexus-xml\4.0.2\plexus-xml-4.0.2.jar;C:\Users\labsfiap\.m2\repository\org\apache\maven\maven-xml-impl\4.0.0-alpha-7\maven-xml-impl-4.0.0-alpha-7.jar;C:\Users\labsfiap\.m2\repository\org\apache\maven\maven-api-xml\4.0.0-alpha-7\maven-api-xml-4.0.0-alpha-7.jar;C:\Users\labsfiap\.m2\repository\org\apache\maven\maven-api-meta\4.0.0-alpha-7\maven-api-meta-4.0.0-alpha-7.jar;C:\Users\labsfiap\.m2\repository\org\codehaus\plexus\plexus-cipher\2.0\plexus-cipher-2.0.jar;C:\Users\labsfiap\.m2\repository\org\codehaus\plexus\plexus-sec-dispatcher\2.0\plexus-sec-dispatcher-2.0.jar;C:\Users\labsfiap\.m2\repository\io\quarkus\quarkus-bootstrap-maven4-resolver\3.29.0\quarkus-bootstrap-maven4-resolver-3.29.0.jar;C:\Users\labsfiap\.m2\repository\org\apache\maven\maven-embedder\3.9.11\maven-embedder-3.9.11.jar;C:\Users\labsfiap\.m2\repository\org\apache\maven\maven-core\3.9.11\maven-core-3.9.11.jar;C:\Users\labsfiap\.m2\repository\org\codehaus\plexus\plexus-component-annotations\2.1.0\plexus-component-annotations-2.1.0.jar;C:\Users\labsfiap\.m2\repository\org\apache\maven\maven-plugin-api\3.9.11\maven-plugin-api-3.9.11.jar;C:\Users\labsfiap\.m2\repository\org\apache\maven\shared\maven-shared-utils\3.4.2\maven-shared-utils-3.4.2.jar;C:\Users\labsfiap\.m2\repository\com\google\inject\guice\5.1.0\guice-5.1.0-classes.jar;C:\Users\labsfiap\.m2\repository\aopalliance\aopalliance\1.0\aopalliance-1.0.jar;C:\Users\labsfiap\.m2\repository\com\google\guava\guava\33.5.0-jre\guava-33.5.0-jre.jar;C:\Users\labsfiap\.m2\repository\org\jspecify\jspecify\1.0.0\jspecify-1.0.0.jar;C:\Users\labsfiap\.m2\repository\com\google\guava\failureaccess\1.0.1\failureaccess-1.0.1.jar;C:\Users\labsfiap\.m2\repository\javax\annotation\javax.annotation-api\1.3.2\javax.annotation-api-1.3.2.jar;C:\Users\labsfiap\.m2\repository\org\codehaus\plexus\plexus-classworlds\2.6.0\plexus-classworlds-2.6.0.jar;C:\Users\labsfiap\.m2\repository\commons-cli\commons-cli\1.9.0\commons-cli-1.9.0.jar;C:\Users\labsfiap\.m2\repository\org\eclipse\sisu\org.eclipse.sisu.plexus\0.9.0.M4\org.eclipse.sisu.plexus-0.9.0.M4.jar;C:\Users\labsfiap\.m2\repository\org\apache\maven\maven-settings-builder\3.9.11\maven-settings-builder-3.9.11.jar;C:\Users\labsfiap\.m2\repository\org\apache\maven\maven-resolver-provider\3.9.11\maven-resolver-provider-3.9.11.jar;C:\Users\labsfiap\.m2\repository\org\apache\maven\resolver\maven-resolver-connector-basic\1.9.24\maven-resolver-connector-basic-1.9.24.jar;C:\Users\labsfiap\.m2\repository\org\apache\maven\resolver\maven-resolver-transport-wagon\1.9.24\maven-resolver-transport-wagon-1.9.24.jar;C:\Users\labsfiap\.m2\repository\org\apache\maven\wagon\wagon-http\3.5.3\wagon-http-3.5.3.jar;C:\Users\labsfiap\.m2\repository\org\apache\maven\wagon\wagon-file\3.5.3\wagon-file-3.5.3.jar;C:\Users\labsfiap\.m2\repository\io\quarkus\quarkus-bootstrap-gradle-resolver\3.29.0\quarkus-bootstrap-gradle-resolver-3.29.0.jar;C:\Users\labsfiap\.m2\repository\io\smallrye\jandex\3.5.0\jandex-3.5.0.jar;C:\Users\labsfiap\.m2\repository\commons-io\commons-io\2.20.0\commons-io-2.20.0.jar;C:\Users\labsfiap\.m2\repository\org\jboss\logging\commons-logging-jboss-logging\1.0.0.Final\commons-logging-jboss-logging-1.0.0.Final.jar;C:\Users\labsfiap\.m2\repository\io\quarkus\quarkus-junit5-config\3.29.0\quarkus-junit5-config-3.29.0.jar;C:\Users\labsfiap\.m2\repository\org\junit\jupiter\junit-jupiter-api\5.13.4\junit-jupiter-api-5.13.4.jar;C:\Users\labsfiap\.m2\repository\org\opentest4j\opentest4j\1.3.0\opentest4j-1.3.0.jar;C:\Users\labsfiap\.m2\repository\org\junit\platform\junit-platform-commons\1.13.4\junit-platform-commons-1.13.4.jar;C:\Users\labsfiap\.m2\repository\org\apiguardian\apiguardian-api\1.1.2\apiguardian-api-1.1.2.jar;C:\Users\labsfiap\.m2\repository\org\junit\jupiter\junit-jupiter\5.13.4\junit-jupiter-5.13.4.jar;C:\Users\labsfiap\.m2\repository\org\junit\jupiter\junit-jupiter-params\5.13.4\junit-jupiter-params-5.13.4.jar;C:\Users\labsfiap\.m2\repository\org\junit\jupiter\junit-jupiter-engine\5.13.4\junit-jupiter-engine-5.13.4.jar;C:\Users\labsfiap\.m2\repository\org\junit\platform\junit-platform-engine\1.13.4\junit-platform-engine-1.13.4.jar;C:\Users\labsfiap\.m2\repository\io\rest-assured\rest-assured\5.5.6\rest-assured-5.5.6.jar;C:\Users\labsfiap\.m2\repository\org\apache\groovy\groovy\4.0.22\groovy-4.0.22.jar;C:\Users\labsfiap\.m2\repository\org\apache\groovy\groovy-xml\4.0.22\groovy-xml-4.0.22.jar;C:\Users\labsfiap\.m2\repository\org\apache\httpcomponents\httpclient\4.5.14\httpclient-4.5.14.jar;C:\Users\labsfiap\.m2\repository\org\apache\httpcomponents\httpcore\4.4.16\httpcore-4.4.16.jar;C:\Users\labsfiap\.m2\repository\commons-codec\commons-codec\1.19.0\commons-codec-1.19.0.jar;C:\Users\labsfiap\.m2\repository\org\apache\httpcomponents\httpmime\4.5.14\httpmime-4.5.14.jar;C:\Users\labsfiap\.m2\repository\org\hamcrest\hamcrest\2.2\hamcrest-2.2.jar;C:\Users\labsfiap\.m2\repository\org\ccil\cowan\tagsoup\tagsoup\1.2.1\tagsoup-1.2.1.jar;C:\Users\labsfiap\.m2\repository\io\rest-assured\json-path\5.5.6\json-path-5.5.6.jar;C:\Users\labsfiap\.m2\repository\org\apache\groovy\groovy-json\4.0.22\groovy-json-4.0.22.jar;C:\Users\labsfiap\.m2\repository\io\rest-assured\rest-assured-common\5.5.6\rest-assured-common-5.5.6.jar;C:\Users\labsfiap\.m2\repository\io\rest-assured\xml-path\5.5.6\xml-path-5.5.6.jar;C:\Users\labsfiap\.m2\repository\org\apache\commons\commons-lang3\3.19.0\commons-lang3-3.19.0.jar;"/>
    <property name="java.vm.vendor" value="Microsoft"/>
    <property name="sun.arch.data.model" value="64"/>
    <property name="user.variant" value=""/>
    <property name="java.vendor.url" value="https://www.microsoft.com"/>
    <property name="user.timezone" value="America/Sao_Paulo"/>
    <property name="logging.initial-configurator.min-level" value="500"/>
    <property name="os.name" value="Windows 11"/>
    <property name="java.vm.specification.version" value="17"/>
    <property name="sun.java.launcher" value="SUN_STANDARD"/>
    <property name="user.country" value="US"/>
    <property name="groovy.use.classvalue" value="false"/>
    <property name="sun.boot.library.path" value="C:\Program Files\Microsoft\jdk-17.0.15.6-hotspot\bin"/>
    <property name="sun.java.command" value="C:\Users\labsfiap\AppData\Local\Temp\surefire2475660380347364963\surefirebooter-20251031092558266_3.jar C:\Users\labsfiap\AppData\Local\Temp\surefire2475660380347364963 2025-10-31T09-25-58_179-jvmRun1 surefire-20251031092558266_1tmp surefire_0-20251031092558266_2tmp"/>
    <property name="jdk.debug" value="release"/>
    <property name="maven.home" value="C:\Users\labsfiap\.m2\wrapper\dists\apache-maven-3.9.11\03d7e36a140982eea48e22c1dcac01d8862b2550b2939e09a0809bbc5182a5bc"/>
    <property name="surefire.test.class.path" value="C:\Users\labsfiap\Downloads\challenge-cp-03\challenge-cp-03\target\test-classes;C:\Users\labsfiap\Downloads\challenge-cp-03\challenge-cp-03\target\classes;C:\Users\labsfiap\.m2\repository\io\quarkus\quarkus-resteasy\3.29.0\quarkus-resteasy-3.29.0.jar;C:\Users\labsfiap\.m2\repository\io\quarkus\quarkus-vertx-http\3.29.0\quarkus-vertx-http-3.29.0.jar;C:\Users\labsfiap\.m2\repository\io\quarkus\quarkus-security-runtime-spi\3.29.0\quarkus-security-runtime-spi-3.29.0.jar;C:\Users\labsfiap\.m2\repository\io\quarkus\quarkus-tls-registry\3.29.0\quarkus-tls-registry-3.29.0.jar;C:\Users\labsfiap\.m2\repository\io\quarkus\quarkus-tls-registry-spi\3.29.0\quarkus-tls-registry-spi-3.29.0.jar;C:\Users\labsfiap\.m2\repository\io\smallrye\certs\smallrye-private-key-pem-parser\0.9.2\smallrye-private-key-pem-parser-0.9.2.jar;C:\Users\labsfiap\.m2\repository\io\quarkus\quarkus-credentials\3.29.0\quarkus-credentials-3.29.0.jar;C:\Users\labsfiap\.m2\repository\io\quarkus\quarkus-mutiny\3.29.0\quarkus-mutiny-3.29.0.jar;C:\Users\labsfiap\.m2\repository\io\quarkus\quarkus-smallrye-context-propagation\3.29.0\quarkus-smallrye-context-propagation-3.29.0.jar;C:\Users\labsfiap\.m2\repository\io\smallrye\smallrye-context-propagation\2.2.1\smallrye-context-propagation-2.2.1.jar;C:\Users\labsfiap\.m2\repository\io\smallrye\smallrye-context-propagation-api\2.2.1\smallrye-context-propagation-api-2.2.1.jar;C:\Users\labsfiap\.m2\repository\io\smallrye\smallrye-context-propagation-storage\2.2.1\smallrye-context-propagation-storage-2.2.1.jar;C:\Users\labsfiap\.m2\repository\io\smallrye\reactive\mutiny-smallrye-context-propagation\3.0.0\mutiny-smallrye-context-propagation-3.0.0.jar;C:\Users\labsfiap\.m2\repository\io\smallrye\common\smallrye-common-vertx-context\2.13.9\smallrye-common-vertx-context-2.13.9.jar;C:\Users\labsfiap\.m2\repository\io\vertx\vertx-core\4.5.21\vertx-core-4.5.21.jar;C:\Users\labsfiap\.m2\repository\io\netty\netty-common\4.1.127.Final\netty-common-4.1.127.Final.jar;C:\Users\labsfiap\.m2\repository\io\netty\netty-buffer\4.1.127.Final\netty-buffer-4.1.127.Final.jar;C:\Users\labsfiap\.m2\repository\io\netty\netty-transport\4.1.127.Final\netty-transport-4.1.127.Final.jar;C:\Users\labsfiap\.m2\repository\io\netty\netty-handler\4.1.127.Final\netty-handler-4.1.127.Final.jar;C:\Users\labsfiap\.m2\repository\io\netty\netty-transport-native-unix-common\4.1.127.Final\netty-transport-native-unix-common-4.1.127.Final.jar;C:\Users\labsfiap\.m2\repository\io\netty\netty-handler-proxy\4.1.127.Final\netty-handler-proxy-4.1.127.Final.jar;C:\Users\labsfiap\.m2\repository\io\netty\netty-codec-socks\4.1.127.Final\netty-codec-socks-4.1.127.Final.jar;C:\Users\labsfiap\.m2\repository\io\netty\netty-codec-http\4.1.127.Final\netty-codec-http-4.1.127.Final.jar;C:\Users\labsfiap\.m2\repository\io\netty\netty-codec-http2\4.1.127.Final\netty-codec-http2-4.1.127.Final.jar;C:\Users\labsfiap\.m2\repository\io\netty\netty-resolver\4.1.127.Final\netty-resolver-4.1.127.Final.jar;C:\Users\labsfiap\.m2\repository\io\netty\netty-resolver-dns\4.1.127.Final\netty-resolver-dns-4.1.127.Final.jar;C:\Users\labsfiap\.m2\repository\io\netty\netty-codec-dns\4.1.127.Final\netty-codec-dns-4.1.127.Final.jar;C:\Users\labsfiap\.m2\repository\io\smallrye\common\smallrye-common-constraint\2.13.9\smallrye-common-constraint-2.13.9.jar;C:\Users\labsfiap\.m2\repository\io\quarkus\security\quarkus-security\2.2.1\quarkus-security-2.2.1.jar;C:\Users\labsfiap\.m2\repository\io\quarkus\quarkus-vertx\3.29.0\quarkus-vertx-3.29.0.jar;C:\Users\labsfiap\.m2\repository\io\quarkus\quarkus-netty\3.29.0\quarkus-netty-3.29.0.jar;C:\Users\labsfiap\.m2\repository\io\netty\netty-codec\4.1.127.Final\netty-codec-4.1.127.Final.jar;C:\Users\labsfiap\.m2\repository\io\netty\netty-codec-haproxy\4.1.127.Final\netty-codec-haproxy-4.1.127.Final.jar;C:\Users\labsfiap\.m2\repository\io\smallrye\common\smallrye-common-annotation\2.13.9\smallrye-common-annotation-2.13.9.jar;C:\Users\labsfiap\.m2\repository\io\quarkus\quarkus-virtual-threads\3.29.0\quarkus-virtual-threads-3.29.0.jar;C:\Users\labsfiap\.m2\repository\io\quarkus\quarkus-vertx-latebound-mdc-provider\3.29.0\quarkus-vertx-latebound-mdc-provider-3.29.0.jar;C:\Users\labsfiap\.m2\repository\io\smallrye\reactive\smallrye-mutiny-vertx-core\3.20.0\smallrye-mutiny-vertx-core-3.20.0.jar;C:\Users\labsfiap\.m2\repository\io\smallrye\reactive\smallrye-mutiny-vertx-runtime\3.20.0\smallrye-mutiny-vertx-runtime-3.20.0.jar;C:\Users\labsfiap\.m2\repository\io\smallrye\reactive\vertx-mutiny-generator\3.20.0\vertx-mutiny-generator-3.20.0.jar;C:\Users\labsfiap\.m2\repository\io\vertx\vertx-codegen\4.5.21\vertx-codegen-4.5.21.jar;C:\Users\labsfiap\.m2\repository\io\smallrye\smallrye-fault-tolerance-vertx\6.9.3\smallrye-fault-tolerance-vertx-6.9.3.jar;C:\Users\labsfiap\.m2\repository\io\smallrye\reactive\smallrye-mutiny-vertx-web\3.20.0\smallrye-mutiny-vertx-web-3.20.0.jar;C:\Users\labsfiap\.m2\repository\io\smallrye\reactive\smallrye-mutiny-vertx-web-common\3.20.0\smallrye-mutiny-vertx-web-common-3.20.0.jar;C:\Users\labsfiap\.m2\repository\io\smallrye\reactive\smallrye-mutiny-vertx-auth-common\3.20.0\smallrye-mutiny-vertx-auth-common-3.20.0.jar;C:\Users\labsfiap\.m2\repository\io\smallrye\reactive\smallrye-mutiny-vertx-bridge-common\3.20.0\smallrye-mutiny-vertx-bridge-common-3.20.0.jar;C:\Users\labsfiap\.m2\repository\io\smallrye\reactive\smallrye-mutiny-vertx-uri-template\3.20.0\smallrye-mutiny-vertx-uri-template-3.20.0.jar;C:\Users\labsfiap\.m2\repository\io\vertx\vertx-uri-template\4.5.21\vertx-uri-template-4.5.21.jar;C:\Users\labsfiap\.m2\repository\io\vertx\vertx-web\4.5.21\vertx-web-4.5.21.jar;C:\Users\labsfiap\.m2\repository\io\vertx\vertx-web-common\4.5.21\vertx-web-common-4.5.21.jar;C:\Users\labsfiap\.m2\repository\io\vertx\vertx-auth-common\4.5.21\vertx-auth-common-4.5.21.jar;C:\Users\labsfiap\.m2\repository\io\vertx\vertx-bridge-common\4.5.21\vertx-bridge-common-4.5.21.jar;C:\Users\labsfiap\.m2\repository\org\crac\crac\1.5.0\crac-1.5.0.jar;C:\Users\labsfiap\.m2\repository\com\aayushatharva\brotli4j\brotli4j\1.16.0\brotli4j-1.16.0.jar;C:\Users\labsfiap\.m2\repository\com\aayushatharva\brotli4j\service\1.16.0\service-1.16.0.jar;C:\Users\labsfiap\.m2\repository\com\aayushatharva\brotli4j\native-windows-x86_64\1.16.0\native-windows-x86_64-1.16.0.jar;C:\Users\labsfiap\.m2\repository\io\quarkus\vertx\utils\quarkus-vertx-utils\3.29.0\quarkus-vertx-utils-3.29.0.jar;C:\Users\labsfiap\.m2\repository\org\jboss\logging\jboss-logging\3.6.1.Final\jboss-logging-3.6.1.Final.jar;C:\Users\labsfiap\.m2\repository\io\quarkus\quarkus-resteasy-server-common\3.29.0\quarkus-resteasy-server-common-3.29.0.jar;C:\Users\labsfiap\.m2\repository\io\quarkus\quarkus-resteasy-common\3.29.0\quarkus-resteasy-common-3.29.0.jar;C:\Users\labsfiap\.m2\repository\org\eclipse\angus\angus-activation\2.0.3\angus-activation-2.0.3.jar;C:\Users\labsfiap\.m2\repository\org\jboss\resteasy\microprofile\microprofile-config\3.0.1.Final\microprofile-config-3.0.1.Final.jar;C:\Users\labsfiap\.m2\repository\jakarta\servlet\jakarta.servlet-api\6.0.0\jakarta.servlet-api-6.0.0.jar;C:\Users\labsfiap\.m2\repository\org\eclipse\microprofile\config\microprofile-config-api\3.1\microprofile-config-api-3.1.jar;C:\Users\labsfiap\.m2\repository\org\jboss\resteasy\resteasy-cdi\6.2.12.Final\resteasy-cdi-6.2.12.Final.jar;C:\Users\labsfiap\.m2\repository\jakarta\interceptor\jakarta.interceptor-api\2.2.0\jakarta.interceptor-api-2.2.0.jar;C:\Users\labsfiap\.m2\repository\jakarta\validation\jakarta.validation-api\3.1.1\jakarta.validation-api-3.1.1.jar;C:\Users\labsfiap\.m2\repository\io\quarkus\quarkus-jdbc-oracle\3.29.0\quarkus-jdbc-oracle-3.29.0.jar;C:\Users\labsfiap\.m2\repository\io\quarkus\quarkus-agroal\3.29.0\quarkus-agroal-3.29.0.jar;C:\Users\labsfiap\.m2\repository\io\quarkus\quarkus-datasource\3.29.0\quarkus-datasource-3.29.0.jar;C:\Users\labsfiap\.m2\repository\io\quarkus\quarkus-datasource-common\3.29.0\quarkus-datasource-common-3.29.0.jar;C:\Users\labsfiap\.m2\repository\io\quarkus\quarkus-narayana-jta\3.29.0\quarkus-narayana-jta-3.29.0.jar;C:\Users\labsfiap\.m2\repository\io\quarkus\quarkus-transaction-annotations\3.29.0\quarkus-transaction-annotations-3.29.0.jar;C:\Users\labsfiap\.m2\repository\io\smallrye\smallrye-context-propagation-jta\2.2.1\smallrye-context-propagation-jta-2.2.1.jar;C:\Users\labsfiap\.m2\repository\io\smallrye\reactive\smallrye-reactive-converter-api\3.0.3\smallrye-reactive-converter-api-3.0.3.jar;C:\Users\labsfiap\.m2\repository\io\smallrye\reactive\smallrye-reactive-converter-mutiny\3.0.3\smallrye-reactive-converter-mutiny-3.0.3.jar;C:\Users\labsfiap\.m2\repository\io\smallrye\reactive\mutiny-zero-flow-adapters\1.1.1\mutiny-zero-flow-adapters-1.1.1.jar;C:\Users\labsfiap\.m2\repository\org\jboss\narayana\jta\narayana-jta\7.3.0.Final\narayana-jta-7.3.0.Final.jar;C:\Users\labsfiap\.m2\repository\jakarta\resource\jakarta.resource-api\2.1.0\jakarta.resource-api-2.1.0.jar;C:\Users\labsfiap\.m2\repository\org\jboss\invocation\jboss-invocation\2.0.0.Final\jboss-invocation-2.0.0.Final.jar;C:\Users\labsfiap\.m2\repository\org\eclipse\microprofile\reactive-streams-operators\microprofile-reactive-streams-operators-api\3.0.1\microprofile-reactive-streams-operators-api-3.0.1.jar;C:\Users\labsfiap\.m2\repository\org\jboss\narayana\jts\narayana-jts-integration\7.3.0.Final\narayana-jts-integration-7.3.0.Final.jar;C:\Users\labsfiap\.m2\repository\io\agroal\agroal-api\2.8\agroal-api-2.8.jar;C:\Users\labsfiap\.m2\repository\io\agroal\agroal-narayana\2.8\agroal-narayana-2.8.jar;C:\Users\labsfiap\.m2\repository\org\jboss\jboss-transaction-spi\8.0.0.Final\jboss-transaction-spi-8.0.0.Final.jar;C:\Users\labsfiap\.m2\repository\io\agroal\agroal-pool\2.8\agroal-pool-2.8.jar;C:\Users\labsfiap\.m2\repository\com\oracle\database\nls\orai18n\23.6.0.24.10\orai18n-23.6.0.24.10.jar;C:\Users\labsfiap\.m2\repository\io\quarkus\quarkus-hibernate-validator\3.29.0\quarkus-hibernate-validator-3.29.0.jar;C:\Users\labsfiap\.m2\repository\io\quarkus\quarkus-core\3.29.0\quarkus-core-3.29.0.jar;C:\Users\labsfiap\.m2\repository\jakarta\annotation\jakarta.annotation-api\3.0.0\jakarta.annotation-api-3.0.0.jar;C:\Users\labsfiap\.m2\repository\jakarta\enterprise\jakarta.enterprise.cdi-api\4.1.0\jakarta.enterprise.cdi-api-4.1.0.jar;C:\Users\labsfiap\.m2\repository\jakarta\enterprise\jakarta.enterprise.lang-model\4.1.0\jakarta.enterprise.lang-model-4.1.0.jar;C:\Users\labsfiap\.m2\repository\jakarta\inject\jakarta.inject-api\2.0.1\jakarta.inject-api-2.0.1.jar;C:\Users\labsfiap\.m2\repository\io\smallrye\common\smallrye-common-os\2.13.9\smallrye-common-os-2.13.9.jar;C:\Users\labsfiap\.m2\repository\io\quarkus\quarkus-ide-launcher\3.29.0\quarkus-ide-launcher-3.29.0.jar;C:\Users\labsfiap\.m2\repository\io\quarkus\quarkus-development-mode-spi\3.29.0\quarkus-development-mode-spi-3.29.0.jar;C:\Users\labsfiap\.m2\repository\io\smallrye\config\smallrye-config\3.14.1\smallrye-config-3.14.1.jar;C:\Users\labsfiap\.m2\repository\io\smallrye\config\smallrye-config-core\3.14.1\smallrye-config-core-3.14.1.jar;C:\Users\labsfiap\.m2\repository\io\smallrye\common\smallrye-common-classloader\2.13.9\smallrye-common-classloader-2.13.9.jar;C:\Users\labsfiap\.m2\repository\io\smallrye\config\smallrye-config-common\3.14.1\smallrye-config-common-3.14.1.jar;C:\Users\labsfiap\.m2\repository\org\jboss\logmanager\jboss-logmanager\3.1.2.Final\jboss-logmanager-3.1.2.Final.jar;C:\Users\labsfiap\.m2\repository\io\smallrye\common\smallrye-common-cpu\2.13.9\smallrye-common-cpu-2.13.9.jar;C:\Users\labsfiap\.m2\repository\io\smallrye\common\smallrye-common-expression\2.13.9\smallrye-common-expression-2.13.9.jar;C:\Users\labsfiap\.m2\repository\io\smallrye\common\smallrye-common-net\2.13.9\smallrye-common-net-2.13.9.jar;C:\Users\labsfiap\.m2\repository\io\smallrye\common\smallrye-common-ref\2.13.9\smallrye-common-ref-2.13.9.jar;C:\Users\labsfiap\.m2\repository\jakarta\json\jakarta.json-api\2.1.3\jakarta.json-api-2.1.3.jar;C:\Users\labsfiap\.m2\repository\org\eclipse\parsson\parsson\1.1.7\parsson-1.1.7.jar;C:\Users\labsfiap\.m2\repository\org\jboss\threads\jboss-threads\3.9.1\jboss-threads-3.9.1.jar;C:\Users\labsfiap\.m2\repository\io\smallrye\common\smallrye-common-function\2.13.9\smallrye-common-function-2.13.9.jar;C:\Users\labsfiap\.m2\repository\org\slf4j\slf4j-api\2.0.17\slf4j-api-2.0.17.jar;C:\Users\labsfiap\.m2\repository\org\jboss\slf4j\slf4j-jboss-logmanager\2.0.0.Final\slf4j-jboss-logmanager-2.0.0.Final.jar;C:\Users\labsfiap\.m2\repository\org\wildfly\common\wildfly-common\2.0.1\wildfly-common-2.0.1.jar;C:\Users\labsfiap\.m2\repository\io\quarkus\quarkus-bootstrap-runner\3.29.0\quarkus-bootstrap-runner-3.29.0.jar;C:\Users\labsfiap\.m2\repository\io\quarkus\quarkus-fs-util\1.2.0\quarkus-fs-util-1.2.0.jar;C:\Users\labsfiap\.m2\repository\org\hibernate\validator\hibernate-validator\9.0.1.Final\hibernate-validator-9.0.1.Final.jar;C:\Users\labsfiap\.m2\repository\com\fasterxml\classmate\1.7.1\classmate-1.7.1.jar;C:\Users\labsfiap\.m2\repository\org\glassfish\expressly\expressly\6.0.0\expressly-6.0.0.jar;C:\Users\labsfiap\.m2\repository\jakarta\el\jakarta.el-api\6.0.1\jakarta.el-api-6.0.1.jar;C:\Users\labsfiap\.m2\repository\io\smallrye\config\smallrye-config-validator\3.14.1\smallrye-config-validator-3.14.1.jar;C:\Users\labsfiap\.m2\repository\jakarta\ws\rs\jakarta.ws.rs-api\3.1.0\jakarta.ws.rs-api-3.1.0.jar;C:\Users\labsfiap\.m2\repository\io\quarkus\quarkus-resteasy-jackson\3.29.0\quarkus-resteasy-jackson-3.29.0.jar;C:\Users\labsfiap\.m2\repository\io\quarkus\quarkus-jackson\3.29.0\quarkus-jackson-3.29.0.jar;C:\Users\labsfiap\.m2\repository\com\fasterxml\jackson\core\jackson-databind\2.20.0\jackson-databind-2.20.0.jar;C:\Users\labsfiap\.m2\repository\com\fasterxml\jackson\datatype\jackson-datatype-jsr310\2.20.0\jackson-datatype-jsr310-2.20.0.jar;C:\Users\labsfiap\.m2\repository\com\fasterxml\jackson\datatype\jackson-datatype-jdk8\2.20.0\jackson-datatype-jdk8-2.20.0.jar;C:\Users\labsfiap\.m2\repository\com\fasterxml\jackson\module\jackson-module-parameter-names\2.20.0\jackson-module-parameter-names-2.20.0.jar;C:\Users\labsfiap\.m2\repository\org\jboss\resteasy\resteasy-jackson2-provider\6.2.12.Final\resteasy-jackson2-provider-6.2.12.Final.jar;C:\Users\labsfiap\.m2\repository\org\jboss\resteasy\resteasy-core-spi\6.2.12.Final\resteasy-core-spi-6.2.12.Final.jar;C:\Users\labsfiap\.m2\repository\org\reactivestreams\reactive-streams\1.0.4\reactive-streams-1.0.4.jar;C:\Users\labsfiap\.m2\repository\org\jboss\resteasy\resteasy-core\6.2.12.Final\resteasy-core-6.2.12.Final.jar;C:\Users\labsfiap\.m2\repository\com\ibm\async\asyncutil\0.1.0\asyncutil-0.1.0.jar;C:\Users\labsfiap\.m2\repository\com\fasterxml\jackson\core\jackson-core\2.20.0\jackson-core-2.20.0.jar;C:\Users\labsfiap\.m2\repository\com\fasterxml\jackson\core\jackson-annotations\2.20\jackson-annotations-2.20.jar;C:\Users\labsfiap\.m2\repository\com\fasterxml\jackson\jakarta\rs\jackson-jakarta-rs-base\2.20.0\jackson-jakarta-rs-base-2.20.0.jar;C:\Users\labsfiap\.m2\repository\com\fasterxml\jackson\jakarta\rs\jackson-jakarta-rs-json-provider\2.20.0\jackson-jakarta-rs-json-provider-2.20.0.jar;C:\Users\labsfiap\.m2\repository\com\fasterxml\jackson\module\jackson-module-jakarta-xmlbind-annotations\2.20.0\jackson-module-jakarta-xmlbind-annotations-2.20.0.jar;C:\Users\labsfiap\.m2\repository\com\github\java-json-tools\json-patch\1.13\json-patch-1.13.jar;C:\Users\labsfiap\.m2\repository\com\github\java-json-tools\msg-simple\1.2\msg-simple-1.2.jar;C:\Users\labsfiap\.m2\repository\com\github\java-json-tools\btf\1.3\btf-1.3.jar;C:\Users\labsfiap\.m2\repository\com\github\java-json-tools\jackson-coreutils\2.0\jackson-coreutils-2.0.jar;C:\Users\labsfiap\.m2\repository\jakarta\xml\bind\jakarta.xml.bind-api\4.0.4\jakarta.xml.bind-api-4.0.4.jar;C:\Users\labsfiap\.m2\repository\jakarta\activation\jakarta.activation-api\2.1.4\jakarta.activation-api-2.1.4.jar;C:\Users\labsfiap\.m2\repository\com\oracle\database\jdbc\ojdbc17\23.9.0.25.07\ojdbc17-23.9.0.25.07.jar;C:\Users\labsfiap\.m2\repository\io\quarkus\quarkus-arc\3.29.0\quarkus-arc-3.29.0.jar;C:\Users\labsfiap\.m2\repository\io\quarkus\arc\arc\3.29.0\arc-3.29.0.jar;C:\Users\labsfiap\.m2\repository\jakarta\transaction\jakarta.transaction-api\2.0.1\jakarta.transaction-api-2.0.1.jar;C:\Users\labsfiap\.m2\repository\io\smallrye\reactive\mutiny\3.0.0\mutiny-3.0.0.jar;C:\Users\labsfiap\.m2\repository\org\jctools\jctools-core\4.0.5\jctools-core-4.0.5.jar;C:\Users\labsfiap\.m2\repository\org\eclipse\microprofile\context-propagation\microprofile-context-propagation-api\1.3\microprofile-context-propagation-api-1.3.jar;C:\Users\labsfiap\.m2\repository\io\quarkus\quarkus-junit5\3.29.0\quarkus-junit5-3.29.0.jar;C:\Users\labsfiap\.m2\repository\io\quarkus\quarkus-bootstrap-core\3.29.0\quarkus-bootstrap-core-3.29.0.jar;C:\Users\labsfiap\.m2\repository\io\quarkus\quarkus-classloader-commons\3.29.0\quarkus-classloader-commons-3.29.0.jar;C:\Users\labsfiap\.m2\repository\io\quarkus\quarkus-bootstrap-app-model\3.29.0\quarkus-bootstrap-app-model-3.29.0.jar;C:\Users\labsfiap\.m2\repository\io\smallrye\common\smallrye-common-io\2.13.9\smallrye-common-io-2.13.9.jar;C:\Users\labsfiap\.m2\repository\org\eclipse\sisu\org.eclipse.sisu.inject\0.9.0.M4\org.eclipse.sisu.inject-0.9.0.M4.jar;C:\Users\labsfiap\.m2\repository\org\ow2\asm\asm\9.9\asm-9.9.jar;C:\Users\labsfiap\.m2\repository\io\quarkus\quarkus-test-common\3.29.0\quarkus-test-common-3.29.0.jar;C:\Users\labsfiap\.m2\repository\io\quarkus\quarkus-core-deployment\3.29.0\quarkus-core-deployment-3.29.0.jar;C:\Users\labsfiap\.m2\repository\org\aesh\readline\2.6\readline-2.6.jar;C:\Users\labsfiap\.m2\repository\org\fusesource\jansi\jansi\2.4.0\jansi-2.4.0.jar;C:\Users\labsfiap\.m2\repository\org\aesh\aesh\2.8.2\aesh-2.8.2.jar;C:\Users\labsfiap\.m2\repository\org\apache\commons\commons-compress\1.28.0\commons-compress-1.28.0.jar;C:\Users\labsfiap\.m2\repository\io\quarkus\gizmo\gizmo\1.9.0\gizmo-1.9.0.jar;C:\Users\labsfiap\.m2\repository\org\ow2\asm\asm-util\9.9\asm-util-9.9.jar;C:\Users\labsfiap\.m2\repository\org\ow2\asm\asm-analysis\9.9\asm-analysis-9.9.jar;C:\Users\labsfiap\.m2\repository\io\quarkus\gizmo\gizmo2\2.0.0.Beta6\gizmo2-2.0.0.Beta6.jar;C:\Users\labsfiap\.m2\repository\io\github\dmlloyd\jdk-classfile-backport\24.0\jdk-classfile-backport-24.0.jar;C:\Users\labsfiap\.m2\repository\io\smallrye\common\smallrye-common-resource\2.13.9\smallrye-common-resource-2.13.9.jar;C:\Users\labsfiap\.m2\repository\io\smallrye\jandex-gizmo2\3.5.0\jandex-gizmo2-3.5.0.jar;C:\Users\labsfiap\.m2\repository\io\smallrye\common\smallrye-common-process\2.13.9\smallrye-common-process-2.13.9.jar;C:\Users\labsfiap\.m2\repository\org\ow2\asm\asm-commons\9.9\asm-commons-9.9.jar;C:\Users\labsfiap\.m2\repository\org\ow2\asm\asm-tree\9.9\asm-tree-9.9.jar;C:\Users\labsfiap\.m2\repository\io\quarkus\quarkus-hibernate-validator-spi\3.29.0\quarkus-hibernate-validator-spi-3.29.0.jar;C:\Users\labsfiap\.m2\repository\io\quarkus\quarkus-class-change-agent\3.29.0\quarkus-class-change-agent-3.29.0.jar;C:\Users\labsfiap\.m2\repository\io\quarkus\quarkus-builder\3.29.0\quarkus-builder-3.29.0.jar;C:\Users\labsfiap\.m2\repository\org\graalvm\sdk\nativeimage\23.1.2\nativeimage-23.1.2.jar;C:\Users\labsfiap\.m2\repository\org\graalvm\sdk\word\23.1.2\word-23.1.2.jar;C:\Users\labsfiap\.m2\repository\org\junit\platform\junit-platform-launcher\1.13.4\junit-platform-launcher-1.13.4.jar;C:\Users\labsfiap\.m2\repository\io\quarkus\quarkus-bootstrap-maven-resolver\3.29.0\quarkus-bootstrap-maven-resolver-3.29.0.jar;C:\Users\labsfiap\.m2\repository\io\smallrye\beanbag\smallrye-beanbag-maven\1.5.3\smallrye-beanbag-maven-1.5.3.jar;C:\Users\labsfiap\.m2\repository\io\smallrye\beanbag\smallrye-beanbag-sisu\1.5.3\smallrye-beanbag-sisu-1.5.3.jar;C:\Users\labsfiap\.m2\repository\io\smallrye\beanbag\smallrye-beanbag\1.5.3\smallrye-beanbag-1.5.3.jar;C:\Users\labsfiap\.m2\repository\javax\inject\javax.inject\1\javax.inject-1.jar;C:\Users\labsfiap\.m2\repository\org\apache\maven\maven-artifact\3.9.11\maven-artifact-3.9.11.jar;C:\Users\labsfiap\.m2\repository\org\apache\maven\maven-builder-support\3.9.11\maven-builder-support-3.9.11.jar;C:\Users\labsfiap\.m2\repository\org\apache\maven\maven-model\3.9.11\maven-model-3.9.11.jar;C:\Users\labsfiap\.m2\repository\org\apache\maven\maven-model-builder\3.9.11\maven-model-builder-3.9.11.jar;C:\Users\labsfiap\.m2\repository\org\apache\maven\maven-repository-metadata\3.9.11\maven-repository-metadata-3.9.11.jar;C:\Users\labsfiap\.m2\repository\org\apache\maven\maven-settings\3.9.11\maven-settings-3.9.11.jar;C:\Users\labsfiap\.m2\repository\org\apache\maven\resolver\maven-resolver-api\1.9.24\maven-resolver-api-1.9.24.jar;C:\Users\labsfiap\.m2\repository\org\apache\maven\resolver\maven-resolver-impl\1.9.24\maven-resolver-impl-1.9.24.jar;C:\Users\labsfiap\.m2\repository\org\apache\maven\resolver\maven-resolver-named-locks\1.9.24\maven-resolver-named-locks-1.9.24.jar;C:\Users\labsfiap\.m2\repository\org\apache\maven\resolver\maven-resolver-spi\1.9.24\maven-resolver-spi-1.9.24.jar;C:\Users\labsfiap\.m2\repository\org\apache\maven\resolver\maven-resolver-util\1.9.24\maven-resolver-util-1.9.24.jar;C:\Users\labsfiap\.m2\repository\org\apache\maven\resolver\maven-resolver-transport-http\1.9.23\maven-resolver-transport-http-1.9.23.jar;C:\Users\labsfiap\.m2\repository\org\apache\maven\wagon\wagon-provider-api\3.5.3\wagon-provider-api-3.5.3.jar;C:\Users\labsfiap\.m2\repository\org\apache\maven\wagon\wagon-http-shared\3.5.3\wagon-http-shared-3.5.3.jar;C:\Users\labsfiap\.m2\repository\org\codehaus\plexus\plexus-interpolation\1.26\plexus-interpolation-1.26.jar;C:\Users\labsfiap\.m2\repository\org\codehaus\plexus\plexus-utils\3.5.1\plexus-utils-3.5.1.jar;C:\Users\labsfiap\.m2\repository\org\codehaus\plexus\plexus-xml\4.0.2\plexus-xml-4.0.2.jar;C:\Users\labsfiap\.m2\repository\org\apache\maven\maven-xml-impl\4.0.0-alpha-7\maven-xml-impl-4.0.0-alpha-7.jar;C:\Users\labsfiap\.m2\repository\org\apache\maven\maven-api-xml\4.0.0-alpha-7\maven-api-xml-4.0.0-alpha-7.jar;C:\Users\labsfiap\.m2\repository\org\apache\maven\maven-api-meta\4.0.0-alpha-7\maven-api-meta-4.0.0-alpha-7.jar;C:\Users\labsfiap\.m2\repository\org\codehaus\plexus\plexus-cipher\2.0\plexus-cipher-2.0.jar;C:\Users\labsfiap\.m2\repository\org\codehaus\plexus\plexus-sec-dispatcher\2.0\plexus-sec-dispatcher-2.0.jar;C:\Users\labsfiap\.m2\repository\io\quarkus\quarkus-bootstrap-maven4-resolver\3.29.0\quarkus-bootstrap-maven4-resolver-3.29.0.jar;C:\Users\labsfiap\.m2\repository\org\apache\maven\maven-embedder\3.9.11\maven-embedder-3.9.11.jar;C:\Users\labsfiap\.m2\repository\org\apache\maven\maven-core\3.9.11\maven-core-3.9.11.jar;C:\Users\labsfiap\.m2\repository\org\codehaus\plexus\plexus-component-annotations\2.1.0\plexus-component-annotations-2.1.0.jar;C:\Users\labsfiap\.m2\repository\org\apache\maven\maven-plugin-api\3.9.11\maven-plugin-api-3.9.11.jar;C:\Users\labsfiap\.m2\repository\org\apache\maven\shared\maven-shared-utils\3.4.2\maven-shared-utils-3.4.2.jar;C:\Users\labsfiap\.m2\repository\com\google\inject\guice\5.1.0\guice-5.1.0-classes.jar;C:\Users\labsfiap\.m2\repository\aopalliance\aopalliance\1.0\aopalliance-1.0.jar;C:\Users\labsfiap\.m2\repository\com\google\guava\guava\33.5.0-jre\guava-33.5.0-jre.jar;C:\Users\labsfiap\.m2\repository\org\jspecify\jspecify\1.0.0\jspecify-1.0.0.jar;C:\Users\labsfiap\.m2\repository\com\google\guava\failureaccess\1.0.1\failureaccess-1.0.1.jar;C:\Users\labsfiap\.m2\repository\javax\annotation\javax.annotation-api\1.3.2\javax.annotation-api-1.3.2.jar;C:\Users\labsfiap\.m2\repository\org\codehaus\plexus\plexus-classworlds\2.6.0\plexus-classworlds-2.6.0.jar;C:\Users\labsfiap\.m2\repository\commons-cli\commons-cli\1.9.0\commons-cli-1.9.0.jar;C:\Users\labsfiap\.m2\repository\org\eclipse\sisu\org.eclipse.sisu.plexus\0.9.0.M4\org.eclipse.sisu.plexus-0.9.0.M4.jar;C:\Users\labsfiap\.m2\repository\org\apache\maven\maven-settings-builder\3.9.11\maven-settings-builder-3.9.11.jar;C:\Users\labsfiap\.m2\repository\org\apache\maven\maven-resolver-provider\3.9.11\maven-resolver-provider-3.9.11.jar;C:\Users\labsfiap\.m2\repository\org\apache\maven\resolver\maven-resolver-connector-basic\1.9.24\maven-resolver-connector-basic-1.9.24.jar;C:\Users\labsfiap\.m2\repository\org\apache\maven\resolver\maven-resolver-transport-wagon\1.9.24\maven-resolver-transport-wagon-1.9.24.jar;C:\Users\labsfiap\.m2\repository\org\apache\maven\wagon\wagon-http\3.5.3\wagon-http-3.5.3.jar;C:\Users\labsfiap\.m2\repository\org\apache\maven\wagon\wagon-file\3.5.3\wagon-file-3.5.3.jar;C:\Users\labsfiap\.m2\repository\io\quarkus\quarkus-bootstrap-gradle-resolver\3.29.0\quarkus-bootstrap-gradle-resolver-3.29.0.jar;C:\Users\labsfiap\.m2\repository\io\smallrye\jandex\3.5.0\jandex-3.5.0.jar;C:\Users\labsfiap\.m2\repository\commons-io\commons-io\2.20.0\commons-io-2.20.0.jar;C:\Users\labsfiap\.m2\repository\org\jboss\logging\commons-logging-jboss-logging\1.0.0.Final\commons-logging-jboss-logging-1.0.0.Final.jar;C:\Users\labsfiap\.m2\repository\io\quarkus\quarkus-junit5-config\3.29.0\quarkus-junit5-config-3.29.0.jar;C:\Users\labsfiap\.m2\repository\org\junit\jupiter\junit-jupiter-api\5.13.4\junit-jupiter-api-5.13.4.jar;C:\Users\labsfiap\.m2\repository\org\opentest4j\opentest4j\1.3.0\opentest4j-1.3.0.jar;C:\Users\labsfiap\.m2\repository\org\junit\platform\junit-platform-commons\1.13.4\junit-platform-commons-1.13.4.jar;C:\Users\labsfiap\.m2\repository\org\apiguardian\apiguardian-api\1.1.2\apiguardian-api-1.1.2.jar;C:\Users\labsfiap\.m2\repository\org\junit\jupiter\junit-jupiter\5.13.4\junit-jupiter-5.13.4.jar;C:\Users\labsfiap\.m2\repository\org\junit\jupiter\junit-jupiter-params\5.13.4\junit-jupiter-params-5.13.4.jar;C:\Users\labsfiap\.m2\repository\org\junit\jupiter\junit-jupiter-engine\5.13.4\junit-jupiter-engine-5.13.4.jar;C:\Users\labsfiap\.m2\repository\org\junit\platform\junit-platform-engine\1.13.4\junit-platform-engine-1.13.4.jar;C:\Users\labsfiap\.m2\repository\io\rest-assured\rest-assured\5.5.6\rest-assured-5.5.6.jar;C:\Users\labsfiap\.m2\repository\org\apache\groovy\groovy\4.0.22\groovy-4.0.22.jar;C:\Users\labsfiap\.m2\repository\org\apache\groovy\groovy-xml\4.0.22\groovy-xml-4.0.22.jar;C:\Users\labsfiap\.m2\repository\org\apache\httpcomponents\httpclient\4.5.14\httpclient-4.5.14.jar;C:\Users\labsfiap\.m2\repository\org\apache\httpcomponents\httpcore\4.4.16\httpcore-4.4.16.jar;C:\Users\labsfiap\.m2\repository\commons-codec\commons-codec\1.19.0\commons-codec-1.19.0.jar;C:\Users\labsfiap\.m2\repository\org\apache\httpcomponents\httpmime\4.5.14\httpmime-4.5.14.jar;C:\Users\labsfiap\.m2\repository\org\hamcrest\hamcrest\2.2\hamcrest-2.2.jar;C:\Users\labsfiap\.m2\repository\org\ccil\cowan\tagsoup\tagsoup\1.2.1\tagsoup-1.2.1.jar;C:\Users\labsfiap\.m2\repository\io\rest-assured\json-path\5.5.6\json-path-5.5.6.jar;C:\Users\labsfiap\.m2\repository\org\apache\groovy\groovy-json\4.0.22\groovy-json-4.0.22.jar;C:\Users\labsfiap\.m2\repository\io\rest-assured\rest-assured-common\5.5.6\rest-assured-common-5.5.6.jar;C:\Users\labsfiap\.m2\repository\io\rest-assured\xml-path\5.5.6\xml-path-5.5.6.jar;C:\Users\labsfiap\.m2\repository\org\apache\commons\commons-lang3\3.19.0\commons-lang3-3.19.0.jar;"/>
    <property name="sun.cpu.endian" value="little"/>
    <property name="user.home" value="C:\Users\labsfiap"/>
    <property name="user.language" value="en"/>
    <property name="jboss.log-version" value="false"/>
    <property name="java.specification.vendor" value="Oracle Corporation"/>
    <property name="io.netty.allocator.maxOrder" value="3"/>
    <property name="java.version.date" value="2025-04-15"/>
    <property name="java.home" value="C:\Program Files\Microsoft\jdk-17.0.15.6-hotspot"/>
    <property name="file.separator" value="\"/>
    <property name="basedir" value="C:\Users\labsfiap\Downloads\challenge-cp-03\challenge-cp-03"/>
    <property name="java.vm.compressedOopsMode" value="Zero based"/>
    <property name="line.separator" value="&#10;"/>
    <property name="java.vm.specification.vendor" value="Oracle Corporation"/>
    <property name="java.specification.name" value="Java Platform API Specification"/>
    <property name="io.netty.allocator.disableCacheFinalizersForFastThreadLocalThreads" value="true"/>
    <property name="surefire.real.class.path" value="C:\Users\labsfiap\AppData\Local\Temp\surefire2475660380347364963\surefirebooter-20251031092558266_3.jar"/>
    <property name="user.script" value=""/>
    <property name="sun.management.compiler" value="HotSpot 64-Bit Tiered Compilers"/>
    <property name="java.runtime.version" value="17.0.15+6-LTS"/>
    <property name="user.name" value="labsfiap"/>
    <property name="dev.resteasy.exception.mapper" value="false"/>
    <property name="path.separator" value=";"/>
    <property name="os.version" value="10.0"/>
    <property name="java.runtime.name" value="OpenJDK Runtime Environment"/>
    <property name="file.encoding" value="Cp1252"/>
    <property name="java.vm.name" value="OpenJDK 64-Bit Server VM"/>
    <property name="java.vendor.version" value="Microsoft-11369865"/>
    <property name="localRepository" value="C:\Users\labsfiap\.m2\repository"/>
    <property name="java.vendor.url.bug" value="https://github.com/microsoft/openjdk/issues"/>
    <property name="java.io.tmpdir" value="C:\Users\labsfiap\AppData\Local\Temp\"/>
    <property name="java.version" value="17.0.15"/>
    <property name="java.util.concurrent.ForkJoinPool.common.threadFactory" value="io.quarkus.bootstrap.forkjoin.QuarkusForkJoinWorkerThreadFactory"/>
    <property name="user.dir" value="C:\Users\labsfiap\Downloads\challenge-cp-03\challenge-cp-03"/>
    <property name="os.arch" value="amd64"/>
    <property name="java.vm.specification.name" value="Java Virtual Machine Specification"/>
    <property name="vertx.disableDnsResolver" value="true"/>
    <property name="sun.os.patch.level" value=""/>
    <property name="native.encoding" value="Cp1252"/>
    <property name="java.util.logging.manager" value="org.jboss.logmanager.LogManager"/>
    <property name="java.library.path" value="C:\Program Files\Microsoft\jdk-17.0.15.6-hotspot\bin;C:\windows\Sun\Java\bin;C:\windows\system32;C:\windows;C:\Program Files (x86)\VMware\VMware Workstation\bin\;C:\Program Files\Microsoft\jdk-17.0.15.6-hotspot\bin;C:\Program Files\Microsoft SDKs\Azure\CLI2\wbin;C:\Program Files\Microsoft MPI\Bin\;C:\programdata\Anaconda3;C:\programdata\Anaconda3\Scripts;C:\programdata\Anaconda3\Library\Bin;C:\mingw64\bin;C:\Program Files\Common Files\Oracle\Java\javapath;C:\Program Files (x86)\Common Files\Oracle\Java\java8path;C:\Program Files (x86)\Common Files\Oracle\Java\javapath;C:\Program Files (x86)\NVIDIA Corporation\PhysX\Common;C:\windows\system32;C:\windows;C:\windows\System32\Wbem;C:\windows\System32\WindowsPowerShell\v1.0\;C:\windows\System32\OpenSSH\;C:\Program Files\Microsoft VS Code\bin;C:\Program Files (x86)\Windows Kits\8.1\Windows Performance Toolkit\;C:\Program Files (x86)\Microsoft SQL Server\160\Tools\Binn\;C:\Program Files\Microsoft SQL Server\160\Tools\Binn\;C:\Program Files\Microsoft SQL Server\Client SDK\ODBC\170\Tools\Binn\;C:\Program Files\Microsoft SQL Server\160\DTS\Binn\;C:\Program Files (x86)\Microsoft SQL Server\160\DTS\Binn\;C:\Program Files\Microsoft SQL Server\150\Tools\Binn\;C:\Program Files\dotnet\;C:\Program Files (x86)\Windows Kits\10\Windows Performance Toolkit\;C:\Program Files\Common Files\Autodesk Shared\;C:\Program Files\Amazon\AWSCLIV2\;C:\OpenSource\php-8.4.7;C:\composer;C:\Program Files\Docker\Docker\resources\bin;C:\Program Files\Microchip\xc8\v3.00\bin;C:\Program Files\Microchip\xc-dsc\v3.21\bin;C:\Program Files\Microchip\xc16\v2.10\bin;C:\Program Files\Microchip\xc32\v4.60\bin;C:\Program Files\Git\cmd;C:\OpenSource\gradle-8.14.1\bin;C:\Program Files\nodejs\;C:\ProgramData\chocolatey\bin;C:\Program Files\PuTTY\;C:\Program Files\Rancher Desktop\resources\resources\win32\bin\;C:\Program Files\Rancher Desktop\resources\resources\win32\docker-cli-plugins\;C:\Program Files\Rancher Desktop\resources\resources\linux\bin\;C:\Program Files\Rancher Desktop\resources\resources\linux\docker-cli-plugins\;C:\Android\SDK\platform-tools;C:\Android\SDK\tools;C:\Program Files\Vagrant\bin;C:\Program Files (x86)\WinSCP\;C:\dev\FlutterSDK\flutter\bin;C:\OpenSource\apache-maven-3.9.9\bin;C:\OpenSource\apache-tomcat-11.0.8\bin;C:\Program Files\NVIDIA Corporation\NVIDIA App\NvDLISR;C:\Android\SDK\emulator;C:\Program Files\MySQL\MySQL Shell 8.0\bin\;C:\Users\labsfiap\AppData\Local\Microsoft\WindowsApps;C:\Program Files\JetBrains\PyCharm Community Edition 2025.1.1\bin;;C:\Users\labsfiap\.dotnet\tools;C:\Users\Administrator\AppData\Roaming\Composer\vendor\bin;C:\Users\Administrator\AppData\Local\GitHubDesktop\bin;C:\Program Files\JetBrains\IntelliJ IDEA Community Edition 2025.1.1.1\bin;;C:\intelFPGA\18.1\modelsim_ase\win32aloem;C:\Users\Administrator\AppData\Roaming\npm;C:\intelFPGA_lite\24.1std\questa_fse\win64;;C:\Program Files\JetBrains\JetBrains Rider 2025.1.2\bin;;."/>
    <property name="jdk.console" value="java.base"/>
    <property name="java.vm.info" value="mixed mode, sharing"/>
    <property name="java.vendor" value="Microsoft"/>
    <property name="vertx.disableTCCL" value="true"/>
    <property name="java.vm.version" value="17.0.15+6-LTS"/>
    <property name="vertx.logger-delegate-factory-class-name" value="io.quarkus.vertx.core.runtime.VertxLogDelegateFactory"/>
    <property name="java.specification.maintenance.version" value="1"/>
    <property name="sun.io.unicode.encoding" value="UnicodeLittle"/>
    <property name="io.netty.machineId" value="44:84:ba:af:60:e8:0c:96"/>
    <property name="java.class.version" value="61.0"/>
  </properties>
  <testcase name="testHelloEndpoint" classname="br.com.fiap.GreetingResourceTest" time="0.009">
    <error message="java.lang.RuntimeException: Failed to start quarkus" type="java.lang.RuntimeException"><![CDATA[java.lang.RuntimeException: java.lang.RuntimeException: Failed to start quarkus
	at io.quarkus.test.junit.QuarkusTestExtension.throwBootFailureException(QuarkusTestExtension.java:666)
	at io.quarkus.test.junit.QuarkusTestExtension.interceptTestClassConstructor(QuarkusTestExtension.java:761)
	at java.base/java.util.Optional.orElseGet(Optional.java:364)
	at java.base/java.util.ArrayList.forEach(ArrayList.java:1511)
	at java.base/java.util.ArrayList.forEach(ArrayList.java:1511)
Caused by: java.lang.RuntimeException: Failed to start quarkus
	at io.quarkus.runner.ApplicationImpl.doStart(Unknown Source)
	at io.quarkus.runtime.Application.start(Application.java:101)
	at java.base/java.lang.reflect.Method.invoke(Method.java:569)
	at io.quarkus.runner.bootstrap.StartupActionImpl.run(StartupActionImpl.java:350)
	at io.quarkus.test.junit.QuarkusTestExtension.doJavaStart(QuarkusTestExtension.java:232)
	at io.quarkus.test.junit.QuarkusTestExtension.ensureStarted(QuarkusTestExtension.java:640)
	at io.quarkus.test.junit.QuarkusTestExtension.beforeAll(QuarkusTestExtension.java:685)
	... 1 more
Caused by: io.quarkus.arc.InactiveBeanException: Bean is not active: SYNTHETIC bean [class=io.agroal.api.AgroalDataSource, id=83v3mgZs1bc75ou7lAXNtJCAcLA]
Reason: Datasource '<default>' was deactivated automatically because its URL is not set. To activate the datasource, set configuration property 'quarkus.datasource.jdbc.url'. Refer to https://quarkus.io/guides/datasource for guidance.
To avoid this exception while keeping the bean inactive:
	- Configure all extensions consuming this bean as inactive as well, if they allow it, e.g. 'quarkus.someextension.active=false'
	- Make sure that custom code only accesses this bean if it is active
	- Inject the bean with 'Instance<io.agroal.api.AgroalDataSource>' instead of 'io.agroal.api.AgroalDataSource'
This bean is injected into:
	- br.com.fiap.dao.PacienteDao#dataSource
	at io.agroal.api.AgroalDataSource_83v3mgZs1bc75ou7lAXNtJCAcLA_Synthetic_Bean.doCreate(Unknown Source)
	at io.agroal.api.AgroalDataSource_83v3mgZs1bc75ou7lAXNtJCAcLA_Synthetic_Bean.create(Unknown Source)
	at io.agroal.api.AgroalDataSource_83v3mgZs1bc75ou7lAXNtJCAcLA_Synthetic_Bean.create(Unknown Source)
	at io.quarkus.arc.impl.AbstractSharedContext.createInstanceHandle(AbstractSharedContext.java:119)
	at io.quarkus.arc.impl.AbstractSharedContext$1.get(AbstractSharedContext.java:38)
	at io.quarkus.arc.impl.AbstractSharedContext$1.get(AbstractSharedContext.java:35)
	at io.quarkus.arc.generator.Default_jakarta_enterprise_context_ApplicationScoped_ContextInstances.c1(Unknown Source)
	at io.quarkus.arc.generator.Default_jakarta_enterprise_context_ApplicationScoped_ContextInstances.computeIfAbsent(Unknown Source)
	at io.quarkus.arc.impl.AbstractSharedContext.get(AbstractSharedContext.java:35)
	at io.quarkus.arc.impl.ClientProxies.getApplicationScopedDelegate(ClientProxies.java:23)
	at io.agroal.api.AgroalDataSource_83v3mgZs1bc75ou7lAXNtJCAcLA_Synthetic_ClientProxy.arc$delegate(Unknown Source)
	at io.agroal.api.AgroalDataSource_83v3mgZs1bc75ou7lAXNtJCAcLA_Synthetic_ClientProxy.arc_contextualInstance(Unknown Source)
	at io.agroal.api.AgroalDataSource_Observer_Synthetic_ubUSlEqLpURmYJpwHA_2ZVmKrbQ.notify(Unknown Source)
	at io.quarkus.arc.impl.EventImpl$Notifier.notifyObservers(EventImpl.java:365)
	at io.quarkus.arc.impl.EventImpl$Notifier.notify(EventImpl.java:347)
	at io.quarkus.arc.impl.EventImpl.fire(EventImpl.java:81)
	at io.quarkus.arc.runtime.ArcRecorder.fireLifecycleEvent(ArcRecorder.java:164)
	at io.quarkus.arc.runtime.ArcRecorder.handleLifecycleEvents(ArcRecorder.java:115)
	at io.quarkus.runner.recorded.LifecycleEventsBuildStep$startupEvent1144526294.deploy_0(Unknown Source)
	at io.quarkus.runner.recorded.LifecycleEventsBuildStep$startupEvent1144526294.deploy(Unknown Source)
	... 8 more
]]></error>
    <system-out><![CDATA[2025-10-31 09:26:02,217 INFO  [org.hib.val.int.uti.Version] (main) HV000001: Hibernate Validator 9.0.1.Final
]]></system-out>
  </testcase>
</testsuite>